<?xml version="1.0" encoding="UTF-8"?>
<!-- Generated by org.testng.reporters.JUnitReportReporter -->
<testsuite hostname="HIBACL56898" name="pack.SmokeTest" tests="1" failures="0" timestamp="17 Nov 2019 15:46:33 GMT" time="14.972" errors="0">
  <testcase name="TestMethod" time="14.972" classname="pack.SmokeTest"/>
</testsuite> <!-- pack.SmokeTest -->
