<?xml version="1.0" encoding="UTF-8"?>
<!-- Generated by org.testng.reporters.JUnitReportReporter -->
<testsuite hostname="HIBACL56898" name="pack.TestCaller" tests="1" failures="0" timestamp="11 Nov 2019 09:08:17 GMT" time="7.215" errors="0">
  <testcase name="f" time="7.215" classname="pack.TestCaller"/>
</testsuite> <!-- pack.TestCaller -->
