<?xml version="1.0" encoding="UTF-8"?>
<!-- Generated by org.testng.reporters.JUnitReportReporter -->
<testsuite hostname="HIBACL56898" name="mytest.SmokeTest" tests="1" failures="0" timestamp="18 Nov 2019 06:28:11 GMT" time="17.335" errors="0">
  <testcase name="TestMethod" time="17.335" classname="mytest.SmokeTest"/>
</testsuite> <!-- mytest.SmokeTest -->
