<?xml version="1.0" encoding="UTF-8"?>
<!-- Generated by org.testng.reporters.JUnitReportReporter -->
<testsuite hostname="HIBACL56898" name="mytest.FunctionalTestCases" tests="1" failures="0" timestamp="25 Nov 2019 07:05:49 GMT" time="12.421" errors="0">
  <testcase name="TestMethod" time="12.421" classname="mytest.FunctionalTestCases"/>
</testsuite> <!-- mytest.FunctionalTestCases -->
